<?xml version="1.0" encoding="UTF-8" ?>
<testsuite tests="6" failures="0" name="socialnetworkBackend.ForumTest" time="0.709" errors="0" skipped="5">
  <properties>
[...]
</properties>
  <testcase classname="socialnetworkBackend.ForumTest" name="deleteForumTest" time="0.474">
    <skipped/>
    <system-out>DataBase is connected.........!
Session is created................!
Blog DAO object Created
Forum DAO object Created
Transaction is created............!
</system-out>
    <system-err>Nov 28, 2017 12:49:42 AM org.springframework.context.annotation.AnnotationConfigApplicationContext prepareRefresh
INFO: Refreshing org.springframework.context.annotation.AnnotationConfigApplicationContext@c9d82f9: startup date [Tue Nov 28 00:49:42 PST 2017]; root of context hierarchy
Nov 28, 2017 12:49:42 AM org.springframework.jdbc.datasource.DriverManagerDataSource setDriverClassName
INFO: Loaded JDBC driver: oracle.jdbc.driver.OracleDriver
Nov 28, 2017 12:49:42 AM org.hibernate.dialect.Dialect &lt;init&gt;
INFO: HHH000400: Using dialect: org.hibernate.dialect.OracleDialect
Nov 28, 2017 12:49:42 AM org.hibernate.dialect.Oracle9Dialect &lt;init&gt;
WARN: HHH000063: The Oracle9Dialect dialect has been deprecated; use either Oracle9iDialect or Oracle10gDialect instead
Nov 28, 2017 12:49:42 AM org.hibernate.dialect.OracleDialect &lt;init&gt;
WARN: HHH000064: The OracleDialect dialect has been deprecated; use Oracle8iDialect instead
Nov 28, 2017 12:49:42 AM org.hibernate.tool.hbm2ddl.SchemaUpdate execute
INFO: HHH000228: Running hbm2ddl schema update
Nov 28, 2017 12:49:42 AM org.springframework.orm.hibernate5.HibernateTransactionManager afterPropertiesSet
INFO: Using DataSource [org.springframework.jdbc.datasource.DriverManagerDataSource@67ec8477] of Hibernate SessionFactory for HibernateTransactionManager
</system-err>
  </testcase>
  <testcase classname="socialnetworkBackend.ForumTest" name="addTest" time="0.047"/>
  <testcase classname="socialnetworkBackend.ForumTest" name="updateForumTest" time="0.047">
    <skipped/>
  </testcase>
  <testcase classname="socialnetworkBackend.ForumTest" name="approveForumTest" time="0.047">
    <skipped/>
  </testcase>
  <testcase classname="socialnetworkBackend.ForumTest" name="getAllForumTest" time="0.047">
    <skipped/>
  </testcase>
  <testcase classname="socialnetworkBackend.ForumTest" name="getForumTest" time="0.047">
    <skipped/>
  </testcase>
</testsuite>